/*C5*/SET SCHEMA PUBLIC
DELETE FROM CLIENTES WHERE IDCLIENTES=21
INSERT INTO CLIENTES VALUES(21,'tiago','Rua x','1232323423','2232222','45464613213')
COMMIT
/*C7*/SET SCHEMA PUBLIC
DELETE FROM CLIENTES WHERE IDCLIENTES=11
INSERT INTO CLIENTES VALUES(11,'Jos\u00e9 da Silva','Rua das Palmeiras','1232232232','1123322323',NULL)
COMMIT
/*C9*/SET SCHEMA PUBLIC
DELETE FROM CLIENTES WHERE IDCLIENTES=31
COMMIT
/*C11*/SET SCHEMA PUBLIC
DELETE FROM CLIENTES WHERE IDCLIENTES=25
INSERT INTO CLIENTES VALUES(25,'Teste vai','teste vai rua','12341234','12341234123','3295656456')
COMMIT
/*C13*/SET SCHEMA PUBLIC
DELETE FROM CLIENTES WHERE IDCLIENTES=28
INSERT INTO CLIENTES VALUES(28,'mais um','opa','123412341','1234123','123423212')
COMMIT
/*C15*/SET SCHEMA PUBLIC
DELETE FROM CLIENTES WHERE IDCLIENTES=38
COMMIT
